<?xml version="1.0" encoding="UTF-8"?>
<!-- Generated by org.testng.reporters.JUnitReportReporter -->
<testsuite skipped="0" hostname="DESKTOP-ASB5QBL" name="testNG1.UserReg_TestNG" tests="1" failures="0" timestamp="17 Aug 2023 15:31:03 GMT" time="6.189" errors="0">
  <testcase name="orguserReg" time="6.189" classname="testNG1.UserReg_TestNG"/>
</testsuite> <!-- testNG1.UserReg_TestNG -->
