<?xml version="1.0" encoding="UTF-8"?>
<!-- Generated by org.testng.reporters.JUnitReportReporter -->
<testsuite skipped="0" hostname="DESKTOP-ASB5QBL" name="testNG1.XmlReadingEg" tests="3" failures="0" timestamp="18 Aug 2023 02:09:29 GMT" time="77.960" errors="0">
  <testcase name="tt" time="28.469" classname="testNG1.XmlReadingEg"/>
  <testcase name="tt" time="15.595" classname="testNG1.XmlReadingEg"/>
  <testcase name="tt" time="33.896" classname="testNG1.XmlReadingEg"/>
</testsuite> <!-- testNG1.XmlReadingEg -->
