<?xml version="1.0" encoding="UTF-8"?>
<!-- Generated by org.testng.reporters.JUnitReportReporter -->
<testsuite skipped="0" hostname="DESKTOP-ASB5QBL" name="grid.GridEg" tests="3" failures="0" timestamp="23 Aug 2023 01:42:49 GMT" time="291.336" errors="0">
  <testcase name="gg" time="98.716" classname="grid.GridEg"/>
  <testcase name="gg" time="93.242" classname="grid.GridEg"/>
  <testcase name="gg" time="99.378" classname="grid.GridEg"/>
</testsuite> <!-- grid.GridEg -->
