<?xml version="1.0" encoding="UTF-8"?>
<!-- Generated by org.testng.reporters.JUnitReportReporter -->
<testsuite skipped="0" hostname="DESKTOP-ASB5QBL" name="testNG1.AnnotationsEg" tests="4" failures="0" timestamp="16 Aug 2023 18:29:32 GMT" time="0.050" errors="0">
  <testcase name="Function1" time="0.016" classname="testNG1.AnnotationsEg"/>
  <testcase name="Function2" time="0.009" classname="testNG1.AnnotationsEg"/>
  <testcase name="Function3" time="0.018" classname="testNG1.AnnotationsEg"/>
  <testcase name="Apple" time="0.007" classname="testNG1.AnnotationsEg"/>
</testsuite> <!-- testNG1.AnnotationsEg -->
